<?xml version="1.0" encoding="UTF-8"?>
<testng-results ignored="0" total="16" passed="12" failed="4" skipped="0">
  <reporter-output>
  </reporter-output>
  <suite started-at="2024-10-03T21:28:54 IST" name="Suite" finished-at="2024-10-03T21:29:22 IST" duration-ms="27910">
    <groups>
    </groups>
    <test started-at="2024-10-03T21:28:54 IST" name="Test" finished-at="2024-10-03T21:29:22 IST" duration-ms="27910">
      <class name="api.test.DataDrivenTests">
        <test-method signature="CreateUserTest(java.lang.String,java.lang.String,java.lang.String,java.lang.String,java.lang.String,java.lang.String,java.lang.String)[pri:1, instance:api.test.DataDrivenTests@43bc63a3]" started-at="2024-10-03T21:29:08 IST" name="CreateUserTest" data-provider="Data" finished-at="2024-10-03T21:29:09 IST" duration-ms="1770" status="PASS">
          <params>
            <param index="0">
              <value>
                <![CDATA[11]]>
              </value>
            </param>
            <param index="1">
              <value>
                <![CDATA[Prabha]]>
              </value>
            </param>
            <param index="2">
              <value>
                <![CDATA[Prabhakar]]>
              </value>
            </param>
            <param index="3">
              <value>
                <![CDATA[Nakka]]>
              </value>
            </param>
            <param index="4">
              <value>
                <![CDATA[Prabha@gmail.com]]>
              </value>
            </param>
            <param index="5">
              <value>
                <![CDATA[Prabha@1]]>
              </value>
            </param>
            <param index="6">
              <value>
                <![CDATA[1234567890]]>
              </value>
            </param>
          </params>
          <reporter-output>
          </reporter-output>
        </test-method> <!-- CreateUserTest -->
        <test-method signature="CreateUserTest(java.lang.String,java.lang.String,java.lang.String,java.lang.String,java.lang.String,java.lang.String,java.lang.String)[pri:1, instance:api.test.DataDrivenTests@43bc63a3]" started-at="2024-10-03T21:29:09 IST" name="CreateUserTest" data-provider="Data" finished-at="2024-10-03T21:29:11 IST" duration-ms="1725" status="PASS">
          <params>
            <param index="0">
              <value>
                <![CDATA[22]]>
              </value>
            </param>
            <param index="1">
              <value>
                <![CDATA[Somi]]>
              </value>
            </param>
            <param index="2">
              <value>
                <![CDATA[SomiReddy]]>
              </value>
            </param>
            <param index="3">
              <value>
                <![CDATA[Udumula]]>
              </value>
            </param>
            <param index="4">
              <value>
                <![CDATA[Somi@gmail.com]]>
              </value>
            </param>
            <param index="5">
              <value>
                <![CDATA[Somi@2]]>
              </value>
            </param>
            <param index="6">
              <value>
                <![CDATA[1011121314]]>
              </value>
            </param>
          </params>
          <reporter-output>
          </reporter-output>
        </test-method> <!-- CreateUserTest -->
        <test-method signature="CreateUserTest(java.lang.String,java.lang.String,java.lang.String,java.lang.String,java.lang.String,java.lang.String,java.lang.String)[pri:1, instance:api.test.DataDrivenTests@43bc63a3]" started-at="2024-10-03T21:29:11 IST" name="CreateUserTest" data-provider="Data" finished-at="2024-10-03T21:29:13 IST" duration-ms="1709" status="PASS">
          <params>
            <param index="0">
              <value>
                <![CDATA[33]]>
              </value>
            </param>
            <param index="1">
              <value>
                <![CDATA[Bhargav]]>
              </value>
            </param>
            <param index="2">
              <value>
                <![CDATA[Sai Bahrgav]]>
              </value>
            </param>
            <param index="3">
              <value>
                <![CDATA[Munaga]]>
              </value>
            </param>
            <param index="4">
              <value>
                <![CDATA[Bhargav@gmail.com]]>
              </value>
            </param>
            <param index="5">
              <value>
                <![CDATA[Bhargav@3]]>
              </value>
            </param>
            <param index="6">
              <value>
                <![CDATA[1516171819]]>
              </value>
            </param>
          </params>
          <reporter-output>
          </reporter-output>
        </test-method> <!-- CreateUserTest -->
        <test-method signature="CreateUserTest(java.lang.String,java.lang.String,java.lang.String,java.lang.String,java.lang.String,java.lang.String,java.lang.String)[pri:1, instance:api.test.DataDrivenTests@43bc63a3]" started-at="2024-10-03T21:29:13 IST" name="CreateUserTest" data-provider="Data" finished-at="2024-10-03T21:29:15 IST" duration-ms="2035" status="PASS">
          <params>
            <param index="0">
              <value>
                <![CDATA[44]]>
              </value>
            </param>
            <param index="1">
              <value>
                <![CDATA[Harish]]>
              </value>
            </param>
            <param index="2">
              <value>
                <![CDATA[Harish]]>
              </value>
            </param>
            <param index="3">
              <value>
                <![CDATA[Thaduvai]]>
              </value>
            </param>
            <param index="4">
              <value>
                <![CDATA[Harish@gmail.com]]>
              </value>
            </param>
            <param index="5">
              <value>
                <![CDATA[Harish@4]]>
              </value>
            </param>
            <param index="6">
              <value>
                <![CDATA[2021222324]]>
              </value>
            </param>
          </params>
          <reporter-output>
          </reporter-output>
        </test-method> <!-- CreateUserTest -->
        <test-method signature="DeleteUserTestByNames(java.lang.String)[pri:2, instance:api.test.DataDrivenTests@43bc63a3]" started-at="2024-10-03T21:29:15 IST" name="DeleteUserTestByNames" data-provider="UserNames" finished-at="2024-10-03T21:29:17 IST" duration-ms="1717" status="PASS">
          <params>
            <param index="0">
              <value>
                <![CDATA[Prabha]]>
              </value>
            </param>
          </params>
          <reporter-output>
          </reporter-output>
        </test-method> <!-- DeleteUserTestByNames -->
        <test-method signature="DeleteUserTestByNames(java.lang.String)[pri:2, instance:api.test.DataDrivenTests@43bc63a3]" started-at="2024-10-03T21:29:17 IST" name="DeleteUserTestByNames" data-provider="UserNames" finished-at="2024-10-03T21:29:18 IST" duration-ms="1628" status="PASS">
          <params>
            <param index="0">
              <value>
                <![CDATA[Somi]]>
              </value>
            </param>
          </params>
          <reporter-output>
          </reporter-output>
        </test-method> <!-- DeleteUserTestByNames -->
        <test-method signature="DeleteUserTestByNames(java.lang.String)[pri:2, instance:api.test.DataDrivenTests@43bc63a3]" started-at="2024-10-03T21:29:18 IST" name="DeleteUserTestByNames" data-provider="UserNames" finished-at="2024-10-03T21:29:20 IST" duration-ms="1631" status="PASS">
          <params>
            <param index="0">
              <value>
                <![CDATA[Bhargav]]>
              </value>
            </param>
          </params>
          <reporter-output>
          </reporter-output>
        </test-method> <!-- DeleteUserTestByNames -->
        <test-method signature="DeleteUserTestByNames(java.lang.String)[pri:2, instance:api.test.DataDrivenTests@43bc63a3]" started-at="2024-10-03T21:29:20 IST" name="DeleteUserTestByNames" data-provider="UserNames" finished-at="2024-10-03T21:29:22 IST" duration-ms="1765" status="PASS">
          <params>
            <param index="0">
              <value>
                <![CDATA[Harish]]>
              </value>
            </param>
          </params>
          <reporter-output>
          </reporter-output>
        </test-method> <!-- DeleteUserTestByNames -->
      </class> <!-- api.test.DataDrivenTests -->
      <class name="api.test.UserTests">
        <test-method is-config="true" signature="Setup_FakerData()[pri:0, instance:api.test.UserTests@22555ebf]" started-at="2024-10-03T21:28:54 IST" name="Setup_FakerData" finished-at="2024-10-03T21:28:55 IST" duration-ms="435" status="PASS">
          <reporter-output>
          </reporter-output>
        </test-method> <!-- Setup_FakerData -->
        <test-method signature="CreateUserTest()[pri:1, instance:api.test.UserTests@22555ebf]" started-at="2024-10-03T21:28:55 IST" name="CreateUserTest" finished-at="2024-10-03T21:28:58 IST" duration-ms="3517" status="PASS">
          <reporter-output>
          </reporter-output>
        </test-method> <!-- CreateUserTest -->
        <test-method signature="GetUserTest_ByName()[pri:2, instance:api.test.UserTests@22555ebf]" started-at="2024-10-03T21:28:58 IST" name="GetUserTest_ByName" finished-at="2024-10-03T21:29:00 IST" duration-ms="1776" status="PASS">
          <reporter-output>
          </reporter-output>
        </test-method> <!-- GetUserTest_ByName -->
        <test-method signature="UpdateUserTest_ByName()[pri:3, instance:api.test.UserTests@22555ebf]" started-at="2024-10-03T21:29:00 IST" name="UpdateUserTest_ByName" finished-at="2024-10-03T21:29:03 IST" duration-ms="3257" status="PASS">
          <reporter-output>
          </reporter-output>
        </test-method> <!-- UpdateUserTest_ByName -->
        <test-method signature="DeleteUserTest_ByName()[pri:4, instance:api.test.UserTests@22555ebf]" started-at="2024-10-03T21:29:03 IST" name="DeleteUserTest_ByName" finished-at="2024-10-03T21:29:06 IST" duration-ms="3161" status="PASS">
          <reporter-output>
          </reporter-output>
        </test-method> <!-- DeleteUserTest_ByName -->
      </class> <!-- api.test.UserTests -->
      <class name="api.test.UserTests2_FromProperties">
        <test-method is-config="true" signature="Setup_FakerData()[pri:0, instance:api.test.UserTests2_FromProperties@38425407]" started-at="2024-10-03T21:29:06 IST" name="Setup_FakerData" finished-at="2024-10-03T21:29:06 IST" duration-ms="98" status="PASS">
          <reporter-output>
          </reporter-output>
        </test-method> <!-- Setup_FakerData -->
        <test-method signature="CreateUserTest()[pri:1, instance:api.test.UserTests2_FromProperties@38425407]" started-at="2024-10-03T21:29:06 IST" name="CreateUserTest" finished-at="2024-10-03T21:29:06 IST" duration-ms="19" status="FAIL">
          <exception class="java.util.MissingResourceException">
            <message>
              <![CDATA[Can't find bundle for base name GlobalRoutes, locale en_IN]]>
            </message>
            <full-stacktrace>
              <![CDATA[java.util.MissingResourceException: Can't find bundle for base name GlobalRoutes, locale en_IN
at java.base/java.util.ResourceBundle.throwMissingResourceException(ResourceBundle.java:2059)
at java.base/java.util.ResourceBundle.getBundleImpl(ResourceBundle.java:1697)
at java.base/java.util.ResourceBundle.getBundleImpl(ResourceBundle.java:1600)
at java.base/java.util.ResourceBundle.getBundleImpl(ResourceBundle.java:1555)
at java.base/java.util.ResourceBundle.getBundle(ResourceBundle.java:861)
at api.endpoints.UserEndPoints_CRUD2_FromProperties.getURLsFromProperties(UserEndPoints_CRUD2_FromProperties.java:21)
at api.endpoints.UserEndPoints_CRUD2_FromProperties.CreateUser(UserEndPoints_CRUD2_FromProperties.java:32)
at api.test.UserTests2_FromProperties.CreateUserTest(UserTests2_FromProperties.java:50)
at java.base/jdk.internal.reflect.DirectMethodHandleAccessor.invoke(DirectMethodHandleAccessor.java:103)
at java.base/java.lang.reflect.Method.invoke(Method.java:580)
at org.testng.internal.invokers.MethodInvocationHelper.invokeMethod(MethodInvocationHelper.java:141)
at org.testng.internal.invokers.TestInvoker.invokeMethod(TestInvoker.java:686)
at org.testng.internal.invokers.TestInvoker.invokeTestMethod(TestInvoker.java:230)
at org.testng.internal.invokers.MethodRunner.runInSequence(MethodRunner.java:63)
at org.testng.internal.invokers.TestInvoker$MethodInvocationAgent.invoke(TestInvoker.java:992)
at org.testng.internal.invokers.TestInvoker.invokeTestMethods(TestInvoker.java:203)
at org.testng.internal.invokers.TestMethodWorker.invokeTestMethods(TestMethodWorker.java:154)
at org.testng.internal.invokers.TestMethodWorker.run(TestMethodWorker.java:134)
at java.base/java.util.ArrayList.forEach(ArrayList.java:1596)
at org.testng.TestRunner.privateRun(TestRunner.java:739)
at org.testng.TestRunner.run(TestRunner.java:614)
at org.testng.SuiteRunner.runTest(SuiteRunner.java:421)
at org.testng.SuiteRunner.runSequentially(SuiteRunner.java:413)
at org.testng.SuiteRunner.privateRun(SuiteRunner.java:373)
at org.testng.SuiteRunner.run(SuiteRunner.java:312)
at org.testng.SuiteRunnerWorker.runSuite(SuiteRunnerWorker.java:52)
at org.testng.SuiteRunnerWorker.run(SuiteRunnerWorker.java:95)
at org.testng.TestNG.runSuitesSequentially(TestNG.java:1274)
at org.testng.TestNG.runSuitesLocally(TestNG.java:1208)
at org.testng.TestNG.runSuites(TestNG.java:1112)
at org.testng.TestNG.run(TestNG.java:1079)
at org.testng.remote.AbstractRemoteTestNG.run(AbstractRemoteTestNG.java:115)
at org.testng.remote.RemoteTestNG.initAndRun(RemoteTestNG.java:293)
at org.testng.remote.RemoteTestNG.main(RemoteTestNG.java:91)
]]>
            </full-stacktrace>
          </exception> <!-- java.util.MissingResourceException -->
          <reporter-output>
          </reporter-output>
        </test-method> <!-- CreateUserTest -->
        <test-method signature="GetUserTest_ByName()[pri:2, instance:api.test.UserTests2_FromProperties@38425407]" started-at="2024-10-03T21:29:06 IST" name="GetUserTest_ByName" finished-at="2024-10-03T21:29:06 IST" duration-ms="3" status="FAIL">
          <exception class="java.util.MissingResourceException">
            <message>
              <![CDATA[Can't find bundle for base name GlobalRoutes, locale en_IN]]>
            </message>
            <full-stacktrace>
              <![CDATA[java.util.MissingResourceException: Can't find bundle for base name GlobalRoutes, locale en_IN
at java.base/java.util.ResourceBundle.throwMissingResourceException(ResourceBundle.java:2059)
at java.base/java.util.ResourceBundle.getBundleImpl(ResourceBundle.java:1697)
at java.base/java.util.ResourceBundle.getBundleImpl(ResourceBundle.java:1600)
at java.base/java.util.ResourceBundle.getBundleImpl(ResourceBundle.java:1555)
at java.base/java.util.ResourceBundle.getBundle(ResourceBundle.java:861)
at api.endpoints.UserEndPoints_CRUD2_FromProperties.getURLsFromProperties(UserEndPoints_CRUD2_FromProperties.java:21)
at api.endpoints.UserEndPoints_CRUD2_FromProperties.GetUser(UserEndPoints_CRUD2_FromProperties.java:45)
at api.test.UserTests2_FromProperties.GetUserTest_ByName(UserTests2_FromProperties.java:64)
at java.base/jdk.internal.reflect.DirectMethodHandleAccessor.invoke(DirectMethodHandleAccessor.java:103)
at java.base/java.lang.reflect.Method.invoke(Method.java:580)
at org.testng.internal.invokers.MethodInvocationHelper.invokeMethod(MethodInvocationHelper.java:141)
at org.testng.internal.invokers.TestInvoker.invokeMethod(TestInvoker.java:686)
at org.testng.internal.invokers.TestInvoker.invokeTestMethod(TestInvoker.java:230)
at org.testng.internal.invokers.MethodRunner.runInSequence(MethodRunner.java:63)
at org.testng.internal.invokers.TestInvoker$MethodInvocationAgent.invoke(TestInvoker.java:992)
at org.testng.internal.invokers.TestInvoker.invokeTestMethods(TestInvoker.java:203)
at org.testng.internal.invokers.TestMethodWorker.invokeTestMethods(TestMethodWorker.java:154)
at org.testng.internal.invokers.TestMethodWorker.run(TestMethodWorker.java:134)
at java.base/java.util.ArrayList.forEach(ArrayList.java:1596)
at org.testng.TestRunner.privateRun(TestRunner.java:739)
at org.testng.TestRunner.run(TestRunner.java:614)
at org.testng.SuiteRunner.runTest(SuiteRunner.java:421)
at org.testng.SuiteRunner.runSequentially(SuiteRunner.java:413)
at org.testng.SuiteRunner.privateRun(SuiteRunner.java:373)
at org.testng.SuiteRunner.run(SuiteRunner.java:312)
at org.testng.SuiteRunnerWorker.runSuite(SuiteRunnerWorker.java:52)
at org.testng.SuiteRunnerWorker.run(SuiteRunnerWorker.java:95)
at org.testng.TestNG.runSuitesSequentially(TestNG.java:1274)
at org.testng.TestNG.runSuitesLocally(TestNG.java:1208)
at org.testng.TestNG.runSuites(TestNG.java:1112)
at org.testng.TestNG.run(TestNG.java:1079)
at org.testng.remote.AbstractRemoteTestNG.run(AbstractRemoteTestNG.java:115)
at org.testng.remote.RemoteTestNG.initAndRun(RemoteTestNG.java:293)
at org.testng.remote.RemoteTestNG.main(RemoteTestNG.java:91)
]]>
            </full-stacktrace>
          </exception> <!-- java.util.MissingResourceException -->
          <reporter-output>
          </reporter-output>
        </test-method> <!-- GetUserTest_ByName -->
        <test-method signature="UpdateUserTest_ByName()[pri:3, instance:api.test.UserTests2_FromProperties@38425407]" started-at="2024-10-03T21:29:06 IST" name="UpdateUserTest_ByName" finished-at="2024-10-03T21:29:06 IST" duration-ms="10" status="FAIL">
          <exception class="java.util.MissingResourceException">
            <message>
              <![CDATA[Can't find bundle for base name GlobalRoutes, locale en_IN]]>
            </message>
            <full-stacktrace>
              <![CDATA[java.util.MissingResourceException: Can't find bundle for base name GlobalRoutes, locale en_IN
at java.base/java.util.ResourceBundle.throwMissingResourceException(ResourceBundle.java:2059)
at java.base/java.util.ResourceBundle.getBundleImpl(ResourceBundle.java:1697)
at java.base/java.util.ResourceBundle.getBundleImpl(ResourceBundle.java:1600)
at java.base/java.util.ResourceBundle.getBundleImpl(ResourceBundle.java:1555)
at java.base/java.util.ResourceBundle.getBundle(ResourceBundle.java:861)
at api.endpoints.UserEndPoints_CRUD2_FromProperties.getURLsFromProperties(UserEndPoints_CRUD2_FromProperties.java:21)
at api.endpoints.UserEndPoints_CRUD2_FromProperties.UpdateteUser(UserEndPoints_CRUD2_FromProperties.java:56)
at api.test.UserTests2_FromProperties.UpdateUserTest_ByName(UserTests2_FromProperties.java:83)
at java.base/jdk.internal.reflect.DirectMethodHandleAccessor.invoke(DirectMethodHandleAccessor.java:103)
at java.base/java.lang.reflect.Method.invoke(Method.java:580)
at org.testng.internal.invokers.MethodInvocationHelper.invokeMethod(MethodInvocationHelper.java:141)
at org.testng.internal.invokers.TestInvoker.invokeMethod(TestInvoker.java:686)
at org.testng.internal.invokers.TestInvoker.invokeTestMethod(TestInvoker.java:230)
at org.testng.internal.invokers.MethodRunner.runInSequence(MethodRunner.java:63)
at org.testng.internal.invokers.TestInvoker$MethodInvocationAgent.invoke(TestInvoker.java:992)
at org.testng.internal.invokers.TestInvoker.invokeTestMethods(TestInvoker.java:203)
at org.testng.internal.invokers.TestMethodWorker.invokeTestMethods(TestMethodWorker.java:154)
at org.testng.internal.invokers.TestMethodWorker.run(TestMethodWorker.java:134)
at java.base/java.util.ArrayList.forEach(ArrayList.java:1596)
at org.testng.TestRunner.privateRun(TestRunner.java:739)
at org.testng.TestRunner.run(TestRunner.java:614)
at org.testng.SuiteRunner.runTest(SuiteRunner.java:421)
at org.testng.SuiteRunner.runSequentially(SuiteRunner.java:413)
at org.testng.SuiteRunner.privateRun(SuiteRunner.java:373)
at org.testng.SuiteRunner.run(SuiteRunner.java:312)
at org.testng.SuiteRunnerWorker.runSuite(SuiteRunnerWorker.java:52)
at org.testng.SuiteRunnerWorker.run(SuiteRunnerWorker.java:95)
at org.testng.TestNG.runSuitesSequentially(TestNG.java:1274)
at org.testng.TestNG.runSuitesLocally(TestNG.java:1208)
at org.testng.TestNG.runSuites(TestNG.java:1112)
at org.testng.TestNG.run(TestNG.java:1079)
at org.testng.remote.AbstractRemoteTestNG.run(AbstractRemoteTestNG.java:115)
at org.testng.remote.RemoteTestNG.initAndRun(RemoteTestNG.java:293)
at org.testng.remote.RemoteTestNG.main(RemoteTestNG.java:91)
]]>
            </full-stacktrace>
          </exception> <!-- java.util.MissingResourceException -->
          <reporter-output>
          </reporter-output>
        </test-method> <!-- UpdateUserTest_ByName -->
        <test-method signature="DeleteUserTest_ByName()[pri:4, instance:api.test.UserTests2_FromProperties@38425407]" started-at="2024-10-03T21:29:07 IST" name="DeleteUserTest_ByName" finished-at="2024-10-03T21:29:07 IST" duration-ms="2" status="FAIL">
          <exception class="java.util.MissingResourceException">
            <message>
              <![CDATA[Can't find bundle for base name GlobalRoutes, locale en_IN]]>
            </message>
            <full-stacktrace>
              <![CDATA[java.util.MissingResourceException: Can't find bundle for base name GlobalRoutes, locale en_IN
at java.base/java.util.ResourceBundle.throwMissingResourceException(ResourceBundle.java:2059)
at java.base/java.util.ResourceBundle.getBundleImpl(ResourceBundle.java:1697)
at java.base/java.util.ResourceBundle.getBundleImpl(ResourceBundle.java:1600)
at java.base/java.util.ResourceBundle.getBundleImpl(ResourceBundle.java:1555)
at java.base/java.util.ResourceBundle.getBundle(ResourceBundle.java:861)
at api.endpoints.UserEndPoints_CRUD2_FromProperties.getURLsFromProperties(UserEndPoints_CRUD2_FromProperties.java:21)
at api.endpoints.UserEndPoints_CRUD2_FromProperties.DeleteUser(UserEndPoints_CRUD2_FromProperties.java:70)
at api.test.UserTests2_FromProperties.DeleteUserTest_ByName(UserTests2_FromProperties.java:104)
at java.base/jdk.internal.reflect.DirectMethodHandleAccessor.invoke(DirectMethodHandleAccessor.java:103)
at java.base/java.lang.reflect.Method.invoke(Method.java:580)
at org.testng.internal.invokers.MethodInvocationHelper.invokeMethod(MethodInvocationHelper.java:141)
at org.testng.internal.invokers.TestInvoker.invokeMethod(TestInvoker.java:686)
at org.testng.internal.invokers.TestInvoker.invokeTestMethod(TestInvoker.java:230)
at org.testng.internal.invokers.MethodRunner.runInSequence(MethodRunner.java:63)
at org.testng.internal.invokers.TestInvoker$MethodInvocationAgent.invoke(TestInvoker.java:992)
at org.testng.internal.invokers.TestInvoker.invokeTestMethods(TestInvoker.java:203)
at org.testng.internal.invokers.TestMethodWorker.invokeTestMethods(TestMethodWorker.java:154)
at org.testng.internal.invokers.TestMethodWorker.run(TestMethodWorker.java:134)
at java.base/java.util.ArrayList.forEach(ArrayList.java:1596)
at org.testng.TestRunner.privateRun(TestRunner.java:739)
at org.testng.TestRunner.run(TestRunner.java:614)
at org.testng.SuiteRunner.runTest(SuiteRunner.java:421)
at org.testng.SuiteRunner.runSequentially(SuiteRunner.java:413)
at org.testng.SuiteRunner.privateRun(SuiteRunner.java:373)
at org.testng.SuiteRunner.run(SuiteRunner.java:312)
at org.testng.SuiteRunnerWorker.runSuite(SuiteRunnerWorker.java:52)
at org.testng.SuiteRunnerWorker.run(SuiteRunnerWorker.java:95)
at org.testng.TestNG.runSuitesSequentially(TestNG.java:1274)
at org.testng.TestNG.runSuitesLocally(TestNG.java:1208)
at org.testng.TestNG.runSuites(TestNG.java:1112)
at org.testng.TestNG.run(TestNG.java:1079)
at org.testng.remote.AbstractRemoteTestNG.run(AbstractRemoteTestNG.java:115)
at org.testng.remote.RemoteTestNG.initAndRun(RemoteTestNG.java:293)
at org.testng.remote.RemoteTestNG.main(RemoteTestNG.java:91)
]]>
            </full-stacktrace>
          </exception> <!-- java.util.MissingResourceException -->
          <reporter-output>
          </reporter-output>
        </test-method> <!-- DeleteUserTest_ByName -->
      </class> <!-- api.test.UserTests2_FromProperties -->
    </test> <!-- Test -->
  </suite> <!-- Suite -->
</testng-results>
